{"C:\\Users\\renon.hgusson\\Downloads\\Calculadora-Testes\\src\\javascript\\divisao.js": {"path":"C:\\Users\\renon.hgusson\\Downloads\\Calculadora-Testes\\src\\javascript\\divisao.js","statementMap":{"0":{"start":{"line":2,"column":4},"end":{"line":2,"column":17}},"1":{"start":{"line":6,"column":0},"end":{"line":6,"column":24}}},"fnMap":{"0":{"name":"divide","decl":{"start":{"line":1,"column":9},"end":{"line":1,"column":15}},"loc":{"start":{"line":1,"column":20},"end":{"line":3,"column":1}},"line":1}},"branchMap":{},"s":{"0":3,"1":1},"f":{"0":3},"b":{},"_coverageSchema":"1a1c01bbd47fc00a2c39e90264f33305004495a9","hash":"f71cc1dccf3274d4739e60e668bfbeb58b39b410"}
,"C:\\Users\\renon.hgusson\\Downloads\\Calculadora-Testes\\src\\javascript\\multiplicacao.js": {"path":"C:\\Users\\renon.hgusson\\Downloads\\Calculadora-Testes\\src\\javascript\\multiplicacao.js","statementMap":{"0":{"start":{"line":2,"column":4},"end":{"line":2,"column":17}},"1":{"start":{"line":6,"column":0},"end":{"line":6,"column":28}}},"fnMap":{"0":{"name":"multiplica","decl":{"start":{"line":1,"column":9},"end":{"line":1,"column":19}},"loc":{"start":{"line":1,"column":24},"end":{"line":3,"column":1}},"line":1}},"branchMap":{},"s":{"0":3,"1":1},"f":{"0":3},"b":{},"_coverageSchema":"1a1c01bbd47fc00a2c39e90264f33305004495a9","hash":"78fd80bcb4f981ece89507aafeb0be506ce000e1"}
,"C:\\Users\\renon.hgusson\\Downloads\\Calculadora-Testes\\src\\javascript\\soma.js": {"path":"C:\\Users\\renon.hgusson\\Downloads\\Calculadora-Testes\\src\\javascript\\soma.js","statementMap":{"0":{"start":{"line":2,"column":4},"end":{"line":2,"column":17}},"1":{"start":{"line":6,"column":0},"end":{"line":6,"column":22}}},"fnMap":{"0":{"name":"soma","decl":{"start":{"line":1,"column":9},"end":{"line":1,"column":13}},"loc":{"start":{"line":1,"column":18},"end":{"line":3,"column":1}},"line":1}},"branchMap":{},"s":{"0":3,"1":1},"f":{"0":3},"b":{},"_coverageSchema":"1a1c01bbd47fc00a2c39e90264f33305004495a9","hash":"fc4673084ab2e4f623127dbdc6e21ac371c1d87b"}
,"C:\\Users\\renon.hgusson\\Downloads\\Calculadora-Testes\\src\\javascript\\subtracao.js": {"path":"C:\\Users\\renon.hgusson\\Downloads\\Calculadora-Testes\\src\\javascript\\subtracao.js","statementMap":{"0":{"start":{"line":2,"column":4},"end":{"line":2,"column":17}},"1":{"start":{"line":6,"column":0},"end":{"line":6,"column":25}}},"fnMap":{"0":{"name":"subtrai","decl":{"start":{"line":1,"column":9},"end":{"line":1,"column":16}},"loc":{"start":{"line":1,"column":21},"end":{"line":3,"column":1}},"line":1}},"branchMap":{},"s":{"0":3,"1":1},"f":{"0":3},"b":{},"_coverageSchema":"1a1c01bbd47fc00a2c39e90264f33305004495a9","hash":"85a1a8408fcd68a1880137c17cc47323d9f534a0"}
}
